<?xml version="1.0" encoding="UTF-8"?>
<!-- Generated by org.testng.reporters.JUnitXMLReporter -->
<testsuite ignored="0" hostname="PSDLAP373" failures="1" tests="15" name="Test" time="91.705" errors="0" timestamp="2025-02-26T12:17:01 IST">
  <testcase classname="Helper.BaseTest" name="@BeforeMethod setup" time="7.787">
    <failure type="org.openqa.selenium.NoSuchSessionException" message="invalid session id
Build info: version: &amp;apos;4.23.0&amp;apos;, revision: &amp;apos;4df0a231af&amp;apos;
System info: os.name: &amp;apos;Windows 11&amp;apos;, os.arch: &amp;apos;amd64&amp;apos;, os.version: &amp;apos;10.0&amp;apos;, java.version: &amp;apos;22.0.2&amp;apos;
Driver info: org.openqa.selenium.chrome.ChromeDriver
Command: [4356c01196e5196c400da95ec7420aac, findElement {using=xpath, value=//*[@id=&amp;quot;channel-19:aUEqwPO54V4vfmxEVgeq_c0ws9WTc5zisdnIEV6s3oE1@thread.tacv2-19:aUEqwPO54V4vfmxEVgeq_c0ws9WTc5zisdnIEV6s3oE1@thread.tacv2&amp;quot;]/a}]
Capabilities {acceptInsecureCerts: false, browserName: chrome, browserVersion: 133.0.6943.128, chrome: {chromedriverVersion: 133.0.6943.141 (2a5d6da0d61..., userDataDir: C:\Users\SAHILS~1\AppData\L...}, fedcm:accounts: true, goog:chromeOptions: {debuggerAddress: localhost:65019}, networkConnectionEnabled: false, pageLoadStrategy: normal, platformName: windows, proxy: Proxy(), se:cdp: ws://localhost:65019/devtoo..., se:cdpVersion: 133.0.6943.128, setWindowRect: true, strictFileInteractability: false, timeouts: {implicit: 0, pageLoad: 300000, script: 30000}, unhandledPromptBehavior: dismiss and notify, webauthn:extension:credBlob: true, webauthn:extension:largeBlob: true, webauthn:extension:minPinLength: true, webauthn:extension:prf: true, webauthn:virtualAuthenticators: true}
Session ID: 4356c01196e5196c400da95ec7420aac">
      <![CDATA[org.openqa.selenium.NoSuchSessionException: invalid session id
Build info: version: '4.23.0', revision: '4df0a231af'
System info: os.name: 'Windows 11', os.arch: 'amd64', os.version: '10.0', java.version: '22.0.2'
Driver info: org.openqa.selenium.chrome.ChromeDriver
Command: [4356c01196e5196c400da95ec7420aac, findElement {using=xpath, value=//*[@id="channel-19:aUEqwPO54V4vfmxEVgeq_c0ws9WTc5zisdnIEV6s3oE1@thread.tacv2-19:aUEqwPO54V4vfmxEVgeq_c0ws9WTc5zisdnIEV6s3oE1@thread.tacv2"]/a}]
Capabilities {acceptInsecureCerts: false, browserName: chrome, browserVersion: 133.0.6943.128, chrome: {chromedriverVersion: 133.0.6943.141 (2a5d6da0d61..., userDataDir: C:\Users\SAHILS~1\AppData\L...}, fedcm:accounts: true, goog:chromeOptions: {debuggerAddress: localhost:65019}, networkConnectionEnabled: false, pageLoadStrategy: normal, platformName: windows, proxy: Proxy(), se:cdp: ws://localhost:65019/devtoo..., se:cdpVersion: 133.0.6943.128, setWindowRect: true, strictFileInteractability: false, timeouts: {implicit: 0, pageLoad: 300000, script: 30000}, unhandledPromptBehavior: dismiss and notify, webauthn:extension:credBlob: true, webauthn:extension:largeBlob: true, webauthn:extension:minPinLength: true, webauthn:extension:prf: true, webauthn:virtualAuthenticators: true}
Session ID: 4356c01196e5196c400da95ec7420aac
at org.openqa.selenium.remote.ErrorCodec.decode(ErrorCodec.java:167)
at org.openqa.selenium.remote.codec.w3c.W3CHttpResponseCodec.decode(W3CHttpResponseCodec.java:138)
at org.openqa.selenium.remote.codec.w3c.W3CHttpResponseCodec.decode(W3CHttpResponseCodec.java:50)
at org.openqa.selenium.remote.HttpCommandExecutor.execute(HttpCommandExecutor.java:190)
at org.openqa.selenium.remote.service.DriverCommandExecutor.invokeExecute(DriverCommandExecutor.java:216)
at org.openqa.selenium.remote.service.DriverCommandExecutor.execute(DriverCommandExecutor.java:174)
at org.openqa.selenium.remote.RemoteWebDriver.execute(RemoteWebDriver.java:527)
at org.openqa.selenium.remote.ElementLocation$ElementFinder$2.findElement(ElementLocation.java:165)
at org.openqa.selenium.remote.ElementLocation.findElement(ElementLocation.java:59)
at org.openqa.selenium.remote.RemoteWebDriver.findElement(RemoteWebDriver.java:357)
at org.openqa.selenium.remote.RemoteWebDriver.findElement(RemoteWebDriver.java:351)
at org.openqa.selenium.support.ui.ExpectedConditions$6.apply(ExpectedConditions.java:171)
at org.openqa.selenium.support.ui.ExpectedConditions$6.apply(ExpectedConditions.java:168)
at org.openqa.selenium.support.ui.FluentWait.until(FluentWait.java:203)
at Pages.RoleSelectionPage.elementIsPresent(RoleSelectionPage.java:77)
at Pages.RoleSelectionPage.switchToIframe(RoleSelectionPage.java:42)
at Helper.BaseTest.setup(BaseTest.java:37)
at java.base/java.util.ArrayList.forEach(ArrayList.java:1597)
... Removed 32 stack frames]]>
    </failure>
  </testcase> <!-- @BeforeMethod setup -->
  <testcase classname="Helper.BaseTest" name="@BeforeMethod setup" time="0.0">
    <skipped/>
  </testcase> <!-- @BeforeMethod setup -->
  <testcase classname="Helper.BaseTest" name="@BeforeMethod setup" time="0.0">
    <skipped/>
  </testcase> <!-- @BeforeMethod setup -->
  <testcase classname="Helper.BaseTest" name="@BeforeMethod setup" time="0.0">
    <skipped/>
  </testcase> <!-- @BeforeMethod setup -->
  <testcase classname="Helper.BaseTest" name="@BeforeMethod setup" time="0.0">
    <skipped/>
  </testcase> <!-- @BeforeMethod setup -->
  <testcase classname="Helper.BaseTest" name="@BeforeMethod setup" time="0.0">
    <skipped/>
  </testcase> <!-- @BeforeMethod setup -->
  <testcase classname="Helper.BaseTest" name="@BeforeMethod setup" time="0.0">
    <skipped/>
  </testcase> <!-- @BeforeMethod setup -->
  <testcase classname="Helper.BaseTest" name="@BeforeMethod setup" time="0.0">
    <skipped/>
  </testcase> <!-- @BeforeMethod setup -->
  <testcase classname="Helper.BaseTest" name="@BeforeMethod setup" time="0.0">
    <skipped/>
  </testcase> <!-- @BeforeMethod setup -->
  <testcase classname="Helper.BaseTest" name="@BeforeMethod setup" time="0.0">
    <skipped/>
  </testcase> <!-- @BeforeMethod setup -->
  <testcase classname="Helper.BaseTest" name="@BeforeMethod setup" time="0.0">
    <skipped/>
  </testcase> <!-- @BeforeMethod setup -->
  <testcase classname="Helper.BaseTest" name="@BeforeMethod setup" time="0.0">
    <skipped/>
  </testcase> <!-- @BeforeMethod setup -->
  <testcase classname="Helper.BaseTest" name="@BeforeMethod setup" time="0.0">
    <skipped/>
  </testcase> <!-- @BeforeMethod setup -->
  <testcase classname="Helper.BaseTest" name="@BeforeMethod setup" time="0.0">
    <skipped/>
  </testcase> <!-- @BeforeMethod setup -->
  <testcase classname="Test.RLDashboardTest" name="TC_004_toogle_switchon" time="12.513">
    <skipped/>
  </testcase> <!-- TC_004_toogle_switchon -->
  <testcase classname="Test.RLDashboardTest" name="TC_004_toogle_switchon" time="0.006">
    <skipped/>
  </testcase> <!-- TC_004_toogle_switchon -->
  <testcase classname="Test.RLDashboardTest" name="TC_004_toogle_switchon" time="0.005">
    <failure type="org.openqa.selenium.NoSuchSessionException" message="invalid session id
Build info: version: &amp;apos;4.23.0&amp;apos;, revision: &amp;apos;4df0a231af&amp;apos;
System info: os.name: &amp;apos;Windows 11&amp;apos;, os.arch: &amp;apos;amd64&amp;apos;, os.version: &amp;apos;10.0&amp;apos;, java.version: &amp;apos;22.0.2&amp;apos;
Driver info: org.openqa.selenium.chrome.ChromeDriver
Command: [4356c01196e5196c400da95ec7420aac, findElement {using=xpath, value=//div[text()=&amp;apos;Team Dashboard&amp;apos;]}]
Capabilities {acceptInsecureCerts: false, browserName: chrome, browserVersion: 133.0.6943.128, chrome: {chromedriverVersion: 133.0.6943.141 (2a5d6da0d61..., userDataDir: C:\Users\SAHILS~1\AppData\L...}, fedcm:accounts: true, goog:chromeOptions: {debuggerAddress: localhost:65019}, networkConnectionEnabled: false, pageLoadStrategy: normal, platformName: windows, proxy: Proxy(), se:cdp: ws://localhost:65019/devtoo..., se:cdpVersion: 133.0.6943.128, setWindowRect: true, strictFileInteractability: false, timeouts: {implicit: 0, pageLoad: 300000, script: 30000}, unhandledPromptBehavior: dismiss and notify, webauthn:extension:credBlob: true, webauthn:extension:largeBlob: true, webauthn:extension:minPinLength: true, webauthn:extension:prf: true, webauthn:virtualAuthenticators: true}
Session ID: 4356c01196e5196c400da95ec7420aac">
      <![CDATA[org.openqa.selenium.NoSuchSessionException: invalid session id
Build info: version: '4.23.0', revision: '4df0a231af'
System info: os.name: 'Windows 11', os.arch: 'amd64', os.version: '10.0', java.version: '22.0.2'
Driver info: org.openqa.selenium.chrome.ChromeDriver
Command: [4356c01196e5196c400da95ec7420aac, findElement {using=xpath, value=//div[text()='Team Dashboard']}]
Capabilities {acceptInsecureCerts: false, browserName: chrome, browserVersion: 133.0.6943.128, chrome: {chromedriverVersion: 133.0.6943.141 (2a5d6da0d61..., userDataDir: C:\Users\SAHILS~1\AppData\L...}, fedcm:accounts: true, goog:chromeOptions: {debuggerAddress: localhost:65019}, networkConnectionEnabled: false, pageLoadStrategy: normal, platformName: windows, proxy: Proxy(), se:cdp: ws://localhost:65019/devtoo..., se:cdpVersion: 133.0.6943.128, setWindowRect: true, strictFileInteractability: false, timeouts: {implicit: 0, pageLoad: 300000, script: 30000}, unhandledPromptBehavior: dismiss and notify, webauthn:extension:credBlob: true, webauthn:extension:largeBlob: true, webauthn:extension:minPinLength: true, webauthn:extension:prf: true, webauthn:virtualAuthenticators: true}
Session ID: 4356c01196e5196c400da95ec7420aac
at org.openqa.selenium.remote.ErrorCodec.decode(ErrorCodec.java:167)
at org.openqa.selenium.remote.codec.w3c.W3CHttpResponseCodec.decode(W3CHttpResponseCodec.java:138)
at org.openqa.selenium.remote.codec.w3c.W3CHttpResponseCodec.decode(W3CHttpResponseCodec.java:50)
at org.openqa.selenium.remote.HttpCommandExecutor.execute(HttpCommandExecutor.java:190)
at org.openqa.selenium.remote.service.DriverCommandExecutor.invokeExecute(DriverCommandExecutor.java:216)
at org.openqa.selenium.remote.service.DriverCommandExecutor.execute(DriverCommandExecutor.java:174)
at org.openqa.selenium.remote.RemoteWebDriver.execute(RemoteWebDriver.java:527)
at org.openqa.selenium.remote.ElementLocation$ElementFinder$2.findElement(ElementLocation.java:165)
at org.openqa.selenium.remote.ElementLocation.findElement(ElementLocation.java:59)
at org.openqa.selenium.remote.RemoteWebDriver.findElement(RemoteWebDriver.java:357)
at org.openqa.selenium.remote.RemoteWebDriver.findElement(RemoteWebDriver.java:351)
at org.openqa.selenium.support.ui.ExpectedConditions$7.apply(ExpectedConditions.java:194)
at org.openqa.selenium.support.ui.ExpectedConditions$7.apply(ExpectedConditions.java:190)
at org.openqa.selenium.support.ui.ExpectedConditions$22.apply(ExpectedConditions.java:627)
at org.openqa.selenium.support.ui.ExpectedConditions$22.apply(ExpectedConditions.java:624)
at org.openqa.selenium.support.ui.FluentWait.until(FluentWait.java:203)
at Helper.Interactions.clickElement(Interactions.java:64)
at Pages.DashboardPage.navigateToDashboard_RL(DashboardPage.java:373)
at Test.RLDashboardTest.initial_test(RLDashboardTest.java:15)
at Test.RLDashboardTest.TC_004_toogle_switchon(RLDashboardTest.java:19)
at java.base/java.util.ArrayList.forEach(ArrayList.java:1597)
... Removed 28 stack frames]]>
    </failure>
  </testcase> <!-- TC_004_toogle_switchon -->
  <testcase classname="Test.RLDashboardTest" name="TC_004_toogle_switchoff" time="0.0">
    <skipped/>
  </testcase> <!-- TC_004_toogle_switchoff -->
  <testcase classname="Test.RLDashboardTest" name="TC_005_Verification_of_list_of_associated_clients" time="0.0">
    <skipped/>
  </testcase> <!-- TC_005_Verification_of_list_of_associated_clients -->
  <testcase classname="Test.RLDashboardTest" name="TC_006_Verification_of_list_of_claimed_tasks_by_direct_reportees_" time="0.001">
    <skipped/>
  </testcase> <!-- TC_006_Verification_of_list_of_claimed_tasks_by_direct_reportees_ -->
  <testcase classname="Test.RLDashboardTest" name="TC_007_Verification_of_claimed_task_hours_change_with_Financial_year_dropdown" time="0.0">
    <skipped/>
  </testcase> <!-- TC_007_Verification_of_claimed_task_hours_change_with_Financial_year_dropdown -->
  <testcase classname="Test.RLDashboardTest" name="TC_007_Verification_of_claimed_task_hours_change_with_Financial_year_dropdown" time="0.0">
    <skipped/>
  </testcase> <!-- TC_007_Verification_of_claimed_task_hours_change_with_Financial_year_dropdown -->
  <testcase classname="Test.RLDashboardTest" name="TC_009_navigation_to_submitted_timesheet_for_approval_or_rejection" time="0.0">
    <skipped/>
  </testcase> <!-- TC_009_navigation_to_submitted_timesheet_for_approval_or_rejection -->
  <testcase classname="Test.RLDashboardTest" name="TC_010_Verification_of_filter_operation_on_submitted_timesheets_using_reportee_dropdown" time="0.0">
    <skipped/>
  </testcase> <!-- TC_010_Verification_of_filter_operation_on_submitted_timesheets_using_reportee_dropdown -->
  <testcase classname="Test.RLDashboardTest" name="TC_010_Verification_of_filter_operation_on_submitted_timesheets_using_reportee_dropdown" time="0.0">
    <skipped/>
  </testcase> <!-- TC_010_Verification_of_filter_operation_on_submitted_timesheets_using_reportee_dropdown -->
  <testcase classname="Test.RLDashboardTest" name="TC_011_Verification_of_filter_reset_operation" time="0.0">
    <skipped/>
  </testcase> <!-- TC_011_Verification_of_filter_reset_operation -->
  <testcase classname="Test.RLDashboardTest" name="TC_011_Verification_of_filter_reset_operation" time="0.0">
    <skipped/>
  </testcase> <!-- TC_011_Verification_of_filter_reset_operation -->
  <testcase classname="Test.RLDashboardTest" name="TC_162_Verification_of_count1" time="0.0">
    <skipped/>
  </testcase> <!-- TC_162_Verification_of_count1 -->
  <testcase classname="Test.RLDashboardTest" name="TC_249_Verification_of_visibility_of_consumed_hours_to_lead_from_the_date_lead_is_selected" time="0.0">
    <skipped/>
  </testcase> <!-- TC_249_Verification_of_visibility_of_consumed_hours_to_lead_from_the_date_lead_is_selected -->
</testsuite> <!-- Test -->
